index	area	perimeter	ratio	circularity	rectangularity	mean	std	label
1.0	0
2.0	1
0	27759.5	754.6589421033859	0.7797356828193832	0.880121963766286	35601.16666666667	0.08510269485230065	0.1725741398204822	person
3.0	1
0	27111.0	747.1025931835175	0.7699115044247787	0.8782500694864225	35213.137931034486	0.09257590534942488	0.1844434935937421	person
4.0	1
0	25737.0	713.1025931835175	0.6711111111111111	0.9650033042280056	38349.83443708609	0.10760357240762385	0.19888298746578492	person
5.0	1
0	25798.5	714.1736608743668	0.6801801801801802	0.9803809799591635	37928.920529801326	0.11980543067414902	0.21585632631215498	person
6.0	1
0	24439.0	704.9015827178955	0.6727272727272727	0.9561573733548255	36328.24324324325	0.11694139326492269	0.21341180622503925	person
7.0	1
0	23126.5	680.7178171873093	0.6682027649769585	0.9362945988921063	34610.003448275864	0.11230205986732847	0.2040818138650805	person
8.0	1
0	22541.0	686.4163014888763	0.6451612903225806	0.9451826754946893	34938.55	0.10265886999961274	0.188886401112844	person
9.0	1
0	22637.0	673.9310202598572	0.6990740740740741	0.8841348624956842	32381.403973509936	0.10460161498987625	0.19103933517800153	person
10.0	1
0	22703.5	677.8305150270462	0.7255813953488373	0.8623034004458978	31290.08012820513	0.10454452979760777	0.19025722204142403	person
11.0	1
0	21679.5	670.6589421033859	0.719626168224299	0.8380021074229063	30126.05844155844	0.10292451730054808	0.18769179320473073	person
12.0	1
0	21025.0	658.8183224201202	0.7109004739336493	0.8462382145480525	29575.166666666664	0.10354651054734691	0.18899536141716827	person
13.0	1
0	19748.5	626.3746713399887	0.6619047619047619	0.861847373784321	29835.86330935252	0.10382349582518859	0.1851576652018141	person
14.0	1
0	18351.0	590.3330411911011	0.569377990430622	0.9399328560851702	32229.90756302521	0.09949062653488078	0.1775631881832109	person
15.0	1
0	17450.0	618.534051656723	0.5523809523809524	0.9125328145754238	31590.51724137931	0.09625213303712289	0.1705608366016003	person
16.0	1
0	16276.0	579.0782079696655	0.48095238095238096	0.9775463442613598	33841.18811881188	0.09242403231919831	0.17161138284175423	person
17.0	1
0	14863.5	568.634556889534	0.45933014354066987	0.9436999055252492	32359.078125	0.09195652343872159	0.17110295954880084	person
18.0	1
0	13864.0	563.2792184352875	0.4396135265700483	0.9375774537779522	31536.79120879121	0.0897996954262939	0.16846510171517243	person
19.0	1
0	12329.0	567.5634891986847	0.38349514563106796	0.965081263615364	32149.037974683542	0.08810444664531661	0.16775577990357515	person
20.0	1
0	11154.5	525.5218590497971	0.3463414634146341	0.9762661724580824	32206.654929577464	0.08657896686671922	0.1631862744984038	person
21.0	1
0	10450.0	539.9066350460052	0.33170731707317075	0.9549570954682945	31503.676470588238	0.08363096745154303	0.15697090418075274	person
22.0	1
0	9782.5	572.634556889534	0.3170731707317073	0.9352182693801461	30852.5	0.08113100099326785	0.15323010865622422	person
23.0	1
0	7212.0	594.4751765727997	0.3299492385786802	0.7174745135881934	21857.907692307694	0.08284723338769323	0.15898247195168394	person
24.0	1
0	7693.0	604.3330411911011	0.3867403314917127	0.7734806629834253	19891.9	0.08286147608214556	0.15751530214155127	person
25.0	1
0	10211.5	629.9482651948929	0.3627450980392157	0.8617037794632398	28150.621621621623	0.0832616353377599	0.16162218530316752	person
26.0	1
0	12797.0	539.9655101299286	0.38349514563106796	1.0017150564105615	33369.39240506329	0.08693091590820917	0.1683167208009533	person
27.0	1
0	13637.0	545.9655101299286	0.4146341463414634	0.996956930978077	32889.23529411765	0.09040987987734547	0.16746616942663028	person
28.0	1
0	14549.0	551.622364282608	0.44390243902439025	0.9935008288278444	32775.21978021978	0.09240796506219748	0.1664389331405093	person
29.0	1
0	15521.0	567.4213538169861	0.47368421052631576	0.95558332232821	32766.555555555555	0.09627089925429357	0.1725193790886661	person
30.0	1
0	17005.5	580.2081507444382	0.4881516587677725	0.9967817293903631	34836.50970873787	0.08782902660903316	0.16643239893219383	person
31.0	1
0	17806.0	614.0487704277039	0.514018691588785	0.9635854948075913	34640.763636363634	0.08846768953970713	0.16862978776368479	person
32.0	1
0	18305.0	640.3330411911011	0.5720930232558139	0.8817724083032564	31996.54471544715	0.09174972844119687	0.17667063412202974	person
33.0	1
0	18806.0	635.0193328857422	0.5488372093023256	0.9442919944063528	34265.16949152543	0.09717514124293786	0.17668343388266622	person
34.0	1
0	19845.5	648.5756818056107	0.6	0.9115158362987281	33075.833333333336	0.10389321908680543	0.19157683561188366	person
35.0	1
0	19922.0	699.7300097942352	0.6214953271028038	0.8916570848515418	32054.94736842105	0.10739258812231238	0.19743569812850673	person
36.0	1
0	21499.5	692.7178171873093	0.5898617511520737	0.9860274369661569	36448.37109375	0.10375369906026927	0.19434807492914793	person
37.0	1
0	22670.5	694.7178171873093	0.6289592760180995	0.94012232932045	36044.46402877698	0.10588988484485236	0.19169308955734016	person
38.0	1
0	22914.5	760.256921172142	0.68	0.8479432348546874	33697.794117647056	0.10396673644040043	0.18750159563063515	person
39.0	1
0	24693.5	807.9137753248215	0.7554585152838428	0.7940199383620459	32686.771676300577	0.09046304641451704	0.1746746486065735	person
40.0	1
0	25560.0	742.4163014888763	0.7074235807860262	0.8776890817332506	36131.11111111111	0.09240422030044429	0.17984940913739378	person
41.0	1
0	28166.0	770.558436870575	0.7729257641921398	0.8852109337347362	36440.75706214689	0.09288050453201287	0.17884696025237135	person
42.0	1
0	29186.0	792.0731556415558	0.8245614035087719	0.8673856344343714	35395.78723404255	0.10149940715367894	0.18673607272669618	person
43.0	1
0	30618.0	837.1858534812927	0.8583333333333333	0.7889122503246552	35671.45631067961	0.10360341709499334	0.19332578171442644	person
44.0	1
0	29923.0	837.0437180995941	0.7666666666666667	0.8631900212314225	39030.0	0.1051058539357772	0.19622039531208693	person
45.0	1
0	29723.0	772.8183224201202	0.6833333333333333	0.9619841023250996	43497.07317073171	0.10405657181571816	0.19195627272528676	person
46.0	1
0	26398.5	733.8061298131943	0.5958333333333333	0.9798561311300165	44305.17482517482	0.09629404908816674	0.18184255205641692	person
47.0	1
0	20835.5	776.9188276529312	0.5083333333333333	0.9064903762486511	40987.86885245902	0.08360776277724204	0.16070937379871522	person
48.0	1
0	19071.5	659.0365778207779	0.44166666666666665	0.9549883828065536	43180.75471698113	0.07969139228018252	0.15253877415836847	person
49.0	1
0	16402.5	650.2081507444382	0.3958333333333333	0.9164431780087161	41437.89473684211	0.07679325765393877	0.14776244386723028	person
50.0	1
0	13603.5	623.3797236680984	0.35	0.859588262056415	38867.14285714286	0.07533555088702147	0.14306113422383746	person
51.0	1
0	10907.5	606.6934319734573	0.3125	0.7719391365888181	34904.0	0.07943725490196078	0.1496043702201293	person
52.0	1
0	9909.0	611.0782079696655	0.2875	0.7622542232068679	34466.086956521736	0.08422421142369992	0.15462337005140667	person
53.0	1
0	9742.0	611.7644996643066	0.26666666666666666	0.8079551486199575	36532.5	0.09046747344771242	0.16648828471285598	person
54.0	1
0	9389.5	600.835567355156	0.23333333333333334	0.8899662572035184	40240.71428571429	0.09569356909430438	0.17522623370908694	person
55.0	1
0	11570.0	595.3380935192108	0.2916666666666667	0.8773127085228996	39668.57142857143	0.08188352007469654	0.1577273507459972	person
56.0	1
0	14922.0	620.6518018245697	0.3458333333333333	0.9542629115186861	43147.951807228914	0.0755313410504764	0.1429917356186153	person
57.0	1
0	17925.0	633.1370830535889	0.41379310344827586	1.0252512079947287	43318.75	0.07729691373675907	0.1393877703274124	person
58.0	1
0	20662.0	660.2497808933258	0.45416666666666666	1.0061551646896123	45494.31192660551	0.07781690351981771	0.1435960621889081	person
59.0	1
0	22411.0	684.534051656723	0.5083333333333333	0.975035675750931	44087.2131147541	0.0825305368048859	0.15029611527570017	person
60.0	1
0	23919.0	700.1320307254791	0.5625	0.9404340646378861	42522.666666666664	0.08302904865649964	0.15627129013876856	person
61.0	1
0	24029.0	724.156415939331	0.625	0.8502830856334042	38446.4	0.08231416122004358	0.16047072410739316	person
62.0	1
0	24201.5	713.345233798027	0.6271929824561403	0.9455875446488922	38587.006993006995	0.08447718432238555	0.1652583588339773	person
63.0	1
0	24053.0	706.9015827178955	0.6355555555555555	0.9523159077299204	37845.62937062937	0.08463579992991757	0.1695404411167374	person
64.0	1
0	23553.0	708.8183224201202	0.6636363636363637	0.9341164899144133	35490.82191780822	0.0925294850194125	0.17547185621081315	person
65.0	1
0	23032.0	722.2741661071777	0.6940639269406392	0.8814025290956209	33184.26315789473	0.09964504667524303	0.1813566778179804	person
66.0	1
0	22036.0	707.1025931835175	0.6363636363636364	0.9114070642733063	34628.0	0.12165940921823275	0.20982142545484558	person
67.0	1
0	21015.0	676.9015827178955	0.5656108597285068	0.9690751361789204	37154.520000000004	0.14021030964421966	0.2274882376868562	person
68.0	1
0	20037.0	663.9310202598572	0.5315315315315315	0.9743793237261875	37696.72881355932	0.14093590100569164	0.22773197947488566	person
69.0	1
0	19159.0	650.7594473361969	0.545045045045045	0.908583479515732	35151.223140495866	0.13900195771853527	0.22609551176638448	person
70.0	1
0	18119.5	641.6883796453476	0.5429864253393665	0.8703682354862572	33370.07916666667	0.1355620619288439	0.22489977878157388	person
71.0	1
0	16791.0	630.6173119544983	0.4931506849315068	0.904355188449072	34048.41666666667	0.11614090588036328	0.19965074692711077	person
72.0	1
0	16313.5	635.6883796453476	0.5138888888888888	0.8667637913922415	31745.18918918919	0.11123541842496092	0.19641757104904994	person
73.0	1
0	13426.5	652.8010774850845	0.5330188679245284	0.7139681773272231	25189.53982300885	0.10556494095384021	0.1867606657774063	person
74.0	1
0	17168.5	704.3157962560654	0.568075117370892	0.8485896339945942	30222.23553719008	0.1084518454104957	0.1897519251480413	person
75.0	1
0	19667.5	665.0020879507065	0.6542056074766355	0.8362530082572941	30063.178571428572	0.1054320793738056	0.18967687913995657	person
76.0	1
0	21109.5	683.6295045614243	0.6822429906542056	0.8606799002223713	30941.32191780822	0.11113437309375164	0.2005796854161905	person
77.0	1
0	22487.5	695.6295045614243	0.719626168224299	0.8692346405900785	31248.86363636364	0.1130569815011816	0.19918682866209259	person
78.0	1
0	24165.5	681.8305150270462	0.7289719626168224	0.9221206695758751	33150.10897435897	0.11507673042857211	0.20186107735706535	person
79.0	1
0	23451.5	735.6295045614243	0.7348837209302326	0.8794383954369629	31911.85126582278	0.1093868292091638	0.1961622529760302	person
80.0	1
0	23677.5	763.4284940958023	0.7268518518518519	0.8894320707173154	32575.414012738856	0.10668419762337585	0.19422526971127296	person
81.0	1
0	24060.5	772.6000670194626	0.7090909090909091	0.8930745475331462	33931.47435897436	0.10662267471091	0.1920858817155214	person
82.0	1
0	24790.0	747.7300097942352	0.7085201793721974	0.896282506510612	34988.41772151899	0.1027722776685176	0.1835312288435726	person
83.0	1
0	25381.5	777.5706294775009	0.7232142857142857	0.8910141374313348	35095.40740740741	0.10432941695196597	0.18659783630226912	person
84.0	1
0	26426.5	762.1147857904434	0.7544642857142857	0.8892733307848448	35026.84023668639	0.09722716009480717	0.17551965040252007	person
85.0	1
0	27012.0	746.9604578018188	0.7847533632286996	0.8817473691941716	34421.00571428571	0.09821607566793533	0.18338994006103523	person
86.0	1
0	28244.5	771.6883796453476	0.7982062780269058	0.9064406403252395	35384.96348314607	0.09943054563489123	0.18613747858193788	person
87.0	1
0	28262.5	780.0315254926682	0.8008849557522124	0.8801443483443943	35289.08839779006	0.10504216745613808	0.19112233518294028	person
88.0	1
0	29143.5	794.8010774850845	0.775	0.8316639271282789	37604.51612903226	0.10838797526178931	0.19716149183832415	person
89.0	1
0	29428.0	829.8721451759338	0.7833333333333333	0.8308488051678184	37567.65957446809	0.10491186900292031	0.19541216652357687	person
90.0	1
0	30250.0	799.7888848781586	0.7	0.9557299565261349	43214.28571428571	0.10817032368502953	0.19633280392916236	person
91.0	1
0	28804.0	750.8771975040436	0.6333333333333333	1.0058386411889595	45480.0	0.10652003783969728	0.1858891685787111	person
92.0	1
0	26221.5	734.4924215078354	0.5666666666666667	1.0233818846009741	46273.23529411765	0.103625768935025	0.17672029715029075	person
93.0	1
0	22420.0	706.2497808933258	0.5166666666666667	0.9596945414697623	43393.54838709677	0.09795198186801603	0.17026544812620892	person
94.0	1
0	18948.5	690.2914110422134	0.4625	0.9060892102293375	40969.72972972973	0.09113760819643173	0.16145291277309998	person
95.0	1
0	15847.5	678.1492756605148	0.42916666666666664	0.8166625440603549	36926.21359223301	0.09007773335871566	0.16300086761098725	person
96.0	1
0	15521.0	643.4213538169861	0.37916666666666665	0.9053101887496792	40934.505494505494	0.08416989872872226	0.1566545623101911	person
97.0	1
0	14131.0	609.7644996643066	0.30416666666666664	1.027469970625018	46458.08219178083	0.08529031247202078	0.15728937831294937	person
98.0	1
0	14956.0	623.4802289009094	0.3458333333333333	0.9564372138234466	43246.26506024096	0.07808666036695804	0.14956443057740515	person
99.0	1
0	17430.5	642.2081507444382	0.3958333333333333	0.9738797631020226	44034.94736842105	0.07546009631922945	0.1455139080665288	person
100.0	1
0	19985.0	640.7939372062683	0.4672489082969432	1.0389992542184487	42771.63551401869	0.07860854173118458	0.14519150098789985	person
101.0	1
0	21393.5	660.1492756605148	0.5374449339207048	0.9840711432815128	39805.938524590165	0.08457101913488729	0.15152536344781375	person
102.0	1
0	22167.0	667.7056245803833	0.5973451327433629	0.9255397102756326	37109.2	0.08513672791305968	0.15808521300651657	person
103.0	1
0	21577.5	667.2030984163284	0.6387665198237885	0.8350983182894368	33779.94827586207	0.08578817095727855	0.16173561532893	person
104.0	1
0	21242.0	679.5878744125366	0.6035242290748899	0.8701203450742779	35196.598540145984	0.091760090640327	0.17521076423127066	person
105.0	1
0	21694.0	665.3036036491394	0.6017699115044248	0.8991302963888897	36050.32352941176	0.09273764685468149	0.1802972583420189	person
106.0	1
0	21786.5	669.345233798027	0.5866666666666667	0.934461386690686	37136.07954545455	0.09097867564534232	0.18037303625664458	person
107.0	1
0	21837.0	685.64674949646	0.6053811659192825	0.9240270518154611	36071.48888888889	0.0891901872856766	0.17534424257281425	person
108.0	1
0	21953.5	673.9482651948929	0.5900900900900901	0.9616340704977842	37203.64122137405	0.09870022694450174	0.18357184859744502	person
109.0	1
0	21653.5	685.6051193475723	0.6	0.9498648909476934	36089.166666666664	0.10563455409712094	0.1861468161182489	person
110.0	1
0	21322.5	694.8599525690079	0.6289592760180995	0.8842221550885642	33901.24100719424	0.10874715718508506	0.19562277233385808	person
111.0	1
0	21177.0	673.445739030838	0.5727272727272728	0.9731987757465465	36975.71428571429	0.12330617095322978	0.2121176748326591	person
112.0	1
0	22056.5	685.345233798027	0.6272727272727273	0.9254760286330489	35162.536231884056	0.11957038414838926	0.21026580559164304	person
113.0	1
0	21434.0	663.9310202598572	0.6164383561643836	0.9235399492212452	34770.71111111111	0.11444507449521328	0.20691544983321922	person
114.0	1
0	21485.5	661.2030984163284	0.6255707762557078	0.9122442320523786	34345.43430656934	0.11647580340005215	0.2095441542755807	person
115.0	1
0	21664.5	670.1736608743668	0.6589861751152074	0.8893715694619742	32875.5	0.11891448210233789	0.21305768326197516	person
116.0	1
0	21664.5	669.2030984163284	0.6883720930232559	0.8673189557502993	31472.0777027027	0.11917440011831258	0.21428255107626729	person
117.0	1
0	21068.5	670.3157962560654	0.704225352112676	0.8400267137147015	29917.270000000004	0.11710810396145939	0.2119227160936094	person
118.0	1
0	19730.5	751.7716399431229	0.6807511737089202	0.8138058897347773	28983.424137931033	0.10916664285918351	0.20118103926140948	person
119.0	1
0	20149.5	618.7178171873093	0.6208530805687204	0.9286260578937823	32454.53816793893	0.09669239570941433	0.18094061820807947	person
120.0	1
0	19518.0	625.7300097942352	0.6303317535545023	0.8859955909031794	30964.646616541355	0.09870955615970509	0.1826750769838863	person
121.0	1
0	19780.5	618.0315254926682	0.6190476190476191	0.9230069293763561	31953.115384615387	0.09764303670186024	0.17780473816225917	person
122.0	1
0	19477.0	635.1025931835175	0.5904761904761905	0.9528212353361315	32985.24193548387	0.09602737869341285	0.17541770918224273	person
123.0	1
0	19214.5	618.9188276529312	0.5666666666666667	0.9794745923847246	33907.94117647059	0.09734591875966073	0.179500590108783	person
124.0	1
0	17850.5	620.2325359582901	0.5502392344497608	0.9460990408096471	32441.343478260867	0.09139775735549058	0.17139067683842465	person
125.0	1
0	17056.0	630.9604578018188	0.5406698564593302	0.9199893523746389	31546.05309734513	0.09061717755654576	0.17129185199466843	person
126.0	1
0	15559.0	593.9066350460052	0.47115384615384615	0.9723499885010347	33023.183673469386	0.09640336903992366	0.18261543393798527	person
127.0	1
0	13977.5	588.3502861261368	0.4106280193236715	1.0119768391063615	34039.32352941176	0.09205311223665369	0.1740595461625572	person
128.0	1
0	12983.0	568.9360725879669	0.38349514563106796	1.0162746407266015	33854.40506329114	0.0915831098323562	0.17133039060998106	person
129.0	1
0	11592.0	532.9360725879669	0.35436893203883496	0.9819709390139459	32711.671232876713	0.08903692345404714	0.16458331217993463	person
130.0	1
0	11137.5	537.5218590497971	0.33980582524271846	0.9839041670715655	32776.07142857143	0.08438144189714719	0.1574945351805522	person
131.0	1
0	10201.5	579.4629839658737	0.32524271844660196	0.9415694393040056	31365.805970149253	0.08203471505976682	0.1532806820210769	person
132.0	1
0	8432.0	625.1614682674408	0.3106796116504854	0.8147300723517408	27140.5	0.07860508280982297	0.14931688615519506	person
133.0	1
0	6746.5	709.1442233324051	0.315	0.6820847234859972	21417.460317460318	0.08054621848739496	0.15066669872008848	person
134.0	1
0	8252.0	616.534051656723	0.32367149758454106	0.7579567316192968	25494.985074626864	0.08332477990835817	0.15810023552719238	person
135.0	1
0	9521.5	586.1492756605148	0.3526570048309179	0.8026801246150039	26999.321917808218	0.0825849498028316	0.15962366437181869	person
136.0	1
0	10369.5	608.9777027368546	0.3701923076923077	0.8247723613965653	28011.116883116883	0.08389698536757359	0.16326591739524698	person
137.0	1
0	12685.5	556.6934319734573	0.3923444976076555	0.9429263981482651	32332.554878048777	0.08408078367302108	0.1628897037771783	person
138.0	1
0	11309.5	755.6051193475723	0.3933649289099526	0.8226463980715327	28750.656626506025	0.08414096866977248	0.1640717377554088	person
139.0	1
0	12852.5	694.7766922712326	0.4056603773584906	0.8980151088727596	31682.906976744187	0.08445590171127687	0.16385585535229635	person
140.0	1
0	14918.5	576.5512965917587	0.431924882629108	0.9698131556810632	34539.57065217391	0.08373537616720499	0.16013999233305484	person
141.0	1
0	15565.0	582.7939372062683	0.45794392523364486	0.9454522924712476	33988.877551020414	0.09231486987318292	0.17316004526535198	person
142.0	1
0	16138.0	589.1370830535889	0.4672897196261682	0.9606524197868921	34535.32	0.09135367417995235	0.1757956067045657	person
143.0	1
0	16737.0	594.1076455116272	0.48130841121495327	0.9672905865293645	34773.961165048546	0.08764497723597195	0.17227870093128161	person
144.0	1
0	17111.5	617.3208485841751	0.4953271028037383	0.9609455639205836	34545.85849056604	0.08634141365945072	0.1663502909679	person
145.0	1
0	17456.5	635.1198381185532	0.5117370892018779	0.9578145159940731	34112.24311926606	0.08607198748043819	0.16971275615958878	person
146.0	1
0	17631.0	613.7056245803833	0.5117370892018779	0.9673890946920346	34453.23853211009	0.08831932652459701	0.17113361507987146	person
147.0	1
0	17928.5	617.1198381185532	0.4930232558139535	1.0021436377000752	36364.41037735849	0.0886931832847224	0.1677341588654553	person
148.0	1
0	18274.0	631.3624787330627	0.5348837209302325	0.9415159106863396	34164.434782608696	0.10163468744423958	0.1836288178627603	person
149.0	1
0	18039.5	609.4629839658737	0.48148148148148145	1.0229814270419364	37466.653846153844	0.09659446399642478	0.17772529665632997	person
150.0	1
0	17895.5	612.9188276529312	0.4954128440366973	0.9682643257995329	36122.398148148146	0.09650300147242043	0.17974161840978087	person
151.0	1
0	17448.5	649.9726504087448	0.5159817351598174	0.8981851753760798	33816.11946902655	0.09933372791473238	0.18417734908191727	person
152.0	1
0	18035.5	627.0020879507065	0.54337899543379	0.8815916210302286	33191.382352941175	0.10281052523077457	0.19098875052114792	person
153.0	1
0	18782.5	653.1442233324051	0.5636363636363636	0.8770803369632217	33323.790322580644	0.11064674256799492	0.20380390217271752	person
154.0	1
0	20019.5	653.2030984163284	0.5727272727272728	0.9200053308333562	34954.68253968254	0.11209617180205417	0.2038530607478314	person
155.0	1
0	20731.0	680.9604578018188	0.6409090909090909	0.8513512958559712	32346.241134751774	0.11363446732658247	0.2011374285561443	person
156.0	1
0	21194.0	681.9310202598572	0.6164383561643836	0.9131989215169857	34381.37777777778	0.10802863746547155	0.19215504377434098	person
157.0	1
0	21305.0	701.1025931835175	0.6772727272727272	0.827947754378738	31457.046979865772	0.1125227003553099	0.1971587084940498	person
158.0	1
0	21381.0	660.2741661071777	0.5803571428571429	0.93533456988871	36841.10769230769	0.10171043417366946	0.18193920565728766	person
159.0	1
0	21575.5	714.1147857904434	0.6044444444444445	0.8981932475750385	35694.76102941177	0.10219595027553506	0.18126934999898825	person
160.0	1
0	21805.5	713.1442233324051	0.6044444444444445	0.9077682028225302	36075.27573529412	0.10249660387030629	0.18309496645991505	person
161.0	1
0	21779.5	696.6589421033859	0.6123348017621145	0.8793010486248897	35567.960431654676	0.10418225668234522	0.1869422450745997	person
162.0	1
0	21875.5	693.0020879507065	0.5895196506550219	0.9014031693641184	37107.32962962963	0.10715427817576974	0.19072006340054862	person
163.0	1
0	21317.0	689.5878744125366	0.5807860262008734	0.8915984506924141	36703.70676691729	0.11012658798292932	0.19609750948864837	person
164.0	1
0	21941.0	686.0731556415558	0.5807860262008734	0.9176976876034272	37778.11278195489	0.11526221152676194	0.20348761254169448	person
165.0	1
0	22792.0	684.9604578018188	0.5851528384279476	0.9461772438394903	38950.50746268657	0.11152406475201694	0.19937423056803286	person
166.0	1
0	23206.5	701.9726504087448	0.5847457627118644	0.9077137184403588	39686.47826086957	0.11682392436217917	0.2105846108126305	person
167.0	1
0	23255.5	728.6589421033859	0.5666666666666667	0.907623797926814	41039.117647058825	0.11493343906189926	0.2054480428265149	person
168.0	1
0	23431.0	700.0731556415558	0.5791666666666667	0.8947364401472452	40456.40287769784	0.10838729016786569	0.1962054129721925	person
169.0	1
0	24080.0	715.5878744125366	0.5875	0.9064763367514417	40987.23404255319	0.09447689241181106	0.17708052683577374	person
170.0	1
0	25923.5	729.6051193475723	0.5666666666666667	1.0117514362432871	45747.352941176476	0.08702590349865436	0.1632047758876799	person
171.0	1
0	25441.0	712.0487704277039	0.5625	1.000275222143587	45228.444444444445	0.08902178649237473	0.16300269631711575	person
172.0	1
0	24222.0	700.735062122345	0.5583333333333333	0.9594543207529234	43382.68656716418	0.09245427275387766	0.1666686994937229	person
173.0	1
0	18549.0	1028.4995617866516	0.5583333333333333	0.7347418956174542	33222.08955223881	0.09382035898936689	0.1664020967832506	person
174.0	2
0	7519.0	536.0487704277039	1.0232558139534884	0.5625055173270251	7348.113636363636	0.09708991418977737	0.15815215337974195	person
1	6008.0	366.16652059555054	0.5546218487394958	0.9744720123139006	10832.60606060606	0.10061414940307674	0.17474556158890708	person
175.0	1
0	15727.0	859.7300097942352	0.525	0.6625130590098742	29956.190476190477	0.09369099491648511	0.1649188361876337	person
176.0	1
0	14222.5	745.6883796453476	0.5041666666666667	0.6238923689705391	28209.9173553719	0.09266420893426242	0.15922713026528754	person
177.0	1
0	16769.0	786.558436870575	0.48333333333333334	0.7673054396368694	34694.482758620696	0.09089841108857334	0.1595546037613372	person
178.0	1
0	18633.5	719.2619735002518	0.44583333333333336	0.9243357739547987	41794.766355140186	0.08555066886567711	0.15049044248888618	person
179.0	1
0	18283.0	677.2792184352875	0.42083333333333334	0.960826974417187	43444.75247524753	0.084375040445221	0.14945710249142014	person
180.0	1
0	15949.5	679.2619735002518	0.4083333333333333	0.8638535031847133	39060.0	0.08364895958383353	0.15265631902799087	person
181.0	1
0	12764.0	710.1320307254791	0.39166666666666666	0.7207390341961422	32588.936170212768	0.07904463913224864	0.15299249689155248	person
182.0	1
0	13100.0	654.735062122345	0.35	0.8277727226771814	37428.571428571435	0.07829131652661064	0.1537848226366153	person
183.0	1
0	12664.5	650.6934319734573	0.29583333333333334	0.9467794025298287	42809.57746478873	0.08054750069041701	0.15848736749718656	person
184.0	1
0	12745.5	631.5218590497971	0.31666666666666665	0.8901483405967147	40248.94736842105	0.0764295235638115	0.15051158793721595	person
185.0	1
0	14730.5	624.4091612100601	0.35	0.9308019917096351	42087.142857142855	0.0755094537815126	0.1466264757069758	person
186.0	1
0	16446.0	627.622364282608	0.37916666666666665	0.9592636662700356	43374.06593406593	0.07481271995977877	0.14381166564165015	person
187.0	1
0	17940.5	669.8061298131943	0.4125	0.9618745844860493	43492.12121212121	0.07583597412028784	0.14214149703468013	person
188.0	1
0	19686.5	665.4629839658737	0.44166666666666665	0.9857839602611865	44573.20754716981	0.07620175114070785	0.14207475578571274	person
189.0	1
0	20300.0	675.0193328857422	0.475	0.9451707825827839	42736.84210526316	0.07685299850934527	0.14373193556310132	person
190.0	1
0	21282.0	671.64674949646	0.5041666666666667	0.9335684581776069	42212.23140495868	0.0774226219413385	0.14190915911693278	person
191.0	1
0	21716.0	676.6173119544983	0.5375	0.8935301765993516	40401.86046511628	0.07845227238182095	0.1517833244614513	person
192.0	1
0	21555.0	674.7594473361969	0.5948275862068966	0.8576523839990832	36237.391304347824	0.07837135353891682	0.1515150106944351	person
193.0	1
0	21780.0	672.7594473361969	0.5807860262008734	0.9109637498747843	37500.9022556391	0.0849844879344521	0.1633177951467317	person
194.0	1
0	21901.0	666.4163014888763	0.5833333333333334	0.9200423116120842	37544.57142857143	0.08794548290230218	0.17299792665534922	person
195.0	1
0	21511.0	682.9015827178955	0.5777777777777777	0.9368392400239534	37230.57692307692	0.08738930785989608	0.17797362008225692	person
196.0	1
0	21262.0	706.4163014888763	0.6053811659192825	0.8996960743554671	35121.67407407407	0.08003504075604664	0.16683081892739005	person
197.0	1
0	21382.0	684.2741661071777	0.6081081081081081	0.9088494014184035	35161.51111111111	0.08467578689800913	0.1712789759463344	person
198.0	1
0	21300.5	671.0609630346298	0.581081081081081	0.9474961556134714	36656.67441860465	0.09250550139743026	0.1739815022330303	person
199.0	1
0	21055.5	659.0609630346298	0.5630630630630631	0.9665691168875882	37394.568	0.1009636459989401	0.18302695805850597	person
200.0	1
0	20280.5	682.3746713399887	0.5495495495495496	0.9538853879461584	36903.860655737706	0.09983826642457308	0.18477258335744828	person
201.0	1
0	20852.0	663.9310202598572	0.5585585585585585	0.9649468659125532	37331.8064516129	0.10593905100546468	0.19791159792222313	person
202.0	1
0	21431.0	708.558436870575	0.5882352941176471	0.9502484142942973	36432.7	0.10932945680882865	0.20065869986921397	person
203.0	1
0	22139.5	731.2863587141037	0.6454545454545455	0.9027908038852687	34300.633802816905	0.10729569932966784	0.1983678390746902	person
204.0	1
0	22416.5	698.9432128667831	0.6894977168949772	0.8635293161394059	32511.347682119205	0.1105990504702289	0.2030426719176284	person
205.0	1
0	22297.5	701.8305150270462	0.7188940092165899	0.8390777088126584	31016.394230769234	0.11400235859438895	0.20870621123809288	person
206.0	1
0	21817.5	678.5168067216873	0.7023255813953488	0.8560909789180116	31064.652317880795	0.11651497993314067	0.21236061587628685	person
207.0	1
0	21105.0	662.2741661071777	0.6728971962616822	0.8724477647479016	31364.375	0.1149278195182538	0.2105961339534483	person
208.0	1
0	19633.0	709.7300097942352	0.6431924882629108	0.8570710764813594	30524.299270072992	0.11001504470744125	0.20518128738771219	person
209.0	1
0	18163.5	705.2863587141037	0.6056338028169014	0.8420939899009919	29990.895348837206	0.10086282502228246	0.19286843819142926	person
210.0	1
0	19100.0	618.6173119544983	0.5774647887323944	0.9287075915524563	33075.60975609756	0.08992080973005256	0.1724607752444941	person
211.0	1
0	19055.5	608.9188276529312	0.5774647887323944	0.9265438487344414	32998.54878048781	0.08790456752951954	0.16871564814760842	person
212.0	1
0	19495.5	606.2325359582901	0.589622641509434	0.9371710130993871	33064.368	0.086179504254532	0.16676934522345221	person
213.0	1
0	20064.5	624.9188276529312	0.6113744075829384	0.9390452482260542	32818.67829457364	0.08206954628723159	0.15776217276968982	person
214.0	1
0	19938.0	625.0193328857422	0.5904761904761905	0.975373506706977	33765.967741935485	0.08050631005090209	0.15427069870296234	person
215.0	1
0	19227.5	615.4629839658737	0.5598086124401914	1.0016615782623157	34346.55982905983	0.08448043184885291	0.16036692698378396	person
216.0	1
0	17562.5	599.9482651948929	0.5406698564593302	0.9473096271739913	32482.853982300887	0.07977935468551649	0.1529268116504076	person
217.0	1
0	16225.0	626.8183224201202	0.5358851674641149	0.8829797423495044	30277.008928571428	0.08143235763204802	0.15452664578238187	person
218.0	1
0	14068.5	655.546244263649	0.48325358851674644	0.8490054503271314	29112.044554455442	0.08383841480123244	0.16031499961102308	person
219.0	1
0	13333.5	606.0904005765915	0.4326923076923077	0.9073370896619304	30815.2	0.0823146053293112	0.1531893690615742	person
220.0	1
0	12422.5	579.6051193475723	0.41262135922330095	0.9037601807156601	30106.29411764706	0.08684180468303826	0.1588616455335168	person
221.0	1
0	10669.0	553.9898953437805	0.4195121951219512	0.7709065684939177	25431.918604651164	0.08815232502530224	0.16020067939502403	person
222.0	1
0	11557.0	572.0487704277039	0.4411764705882353	0.8018678101105976	26195.866666666665	0.08721367849972234	0.15729184328568868	person
223.0	1
0	10910.0	630.9604578018188	0.47783251231527096	0.705809210907243	22832.268041237116	0.08719401020273022	0.1602072953192998	person
224.0	1
0	12350.0	572.2741661071777	0.5297029702970297	0.7278839676336226	23314.95327102804	0.08380425178306725	0.1521388361859549	person
225.0	1
0	14645.0	571.64674949646	0.5778894472361809	0.8152086937039114	25342.217391304348	0.08242405548629764	0.15371749700372167	person
226.0	1
0	15579.5	589.0609630346298	0.634020618556701	0.8317197559000344	24572.544715447155	0.08932012667609998	0.16173483655169818	person
227.0	1
0	14022.0	574.9015827178955	0.7103825136612022	0.7508373426719465	19738.661538461536	0.09386115438188726	0.16280376041241812	person
228.0	1
0	12244.5	548.457931637764	0.8782051282051282	0.729837599287597	13942.642335766423	0.09883685085488435	0.1648726061720707	person
229.0	1
0	11645.5	524.3157962560654	1.0070422535211268	0.7305738130175198	11564.062937062936	0.09647645919394054	0.16300555259138483	person
230.0	1
0	12418.5	486.43354642391205	1.1450381679389312	0.8050760927699713	10845.490000000002	0.09615746145786558	0.1662374827322991	person
231.0	1
0	13099.5	514.0904005765915	1.144927536231884	0.7653302672214647	11441.335443037975	0.09820072589666944	0.16854962465046316	person
232.0	1
0	14378.0	545.2447285652161	1.0855263157894737	0.730299982730422	13245.18787878788	0.10131672764799698	0.1739259513346249	person
233.0	1
0	14857.0	590.558436870575	0.9575757575757575	0.7259729439847153	15515.221518987342	0.10876839880562889	0.1843873775648667	person
234.0	1
0	16039.0	620.4995617866516	0.888268156424581	0.7178892917943136	18056.48427672956	0.1041015879314728	0.18455087556504549	person
235.0	1
0	16627.5	645.2274836301804	0.8571428571428571	0.6917998779286819	19398.75	0.10300195066595454	0.18709101481448834	person
236.0	1
0	17139.0	690.6416971683502	0.8010204081632653	0.7095125769890901	21396.458598726113	0.10161491348131609	0.188981617206475	person
237.0	1
0	18718.5	706.7422024011612	0.7772277227722773	0.7518831724139593	24083.67515923567	0.10642816248653715	0.1941979121946472	person
238.0	1
0	20253.0	712.7005722522736	0.7439613526570048	0.8093355919442876	27223.188311688315	0.10606712601597514	0.1847461673427806	person
239.0	1
0	21835.5	710.7422024011612	0.7641509433962265	0.8099209051618618	28574.85185185185	0.10618528566795925	0.1883011459903172	person
240.0	1
0	22801.5	716.457931637764	0.7488372093023256	0.8391303427787555	30449.208074534163	0.10999073845918551	0.19804268695373395	person
241.0	1
0	22652.5	752.3990565538406	0.7477064220183486	0.812086674680283	30295.981595092024	0.10956002370554796	0.1998115428498457	person
242.0	1
0	23218.5	748.9432128667831	0.7568807339449541	0.8222882125762976	30676.563636363637	0.1117165175772839	0.20551187878615498	person
243.0	1
0	23813.0	768.9848430156708	0.8018433179723502	0.8034067441902049	29697.82183908046	0.10616755415551463	0.196724402552176	person
244.0	1
0	23115.0	733.7300097942352	0.7395348837209302	0.861367847670366	31256.132075471694	0.10017362276196129	0.18674983613266194	person
245.0	1
0	21862.0	716.4751765727997	0.6415094339622641	0.9659295757721427	34079.0	0.08419389675959173	0.16087321784836972	person
246.0	1
0	15945.5	648.7766922712326	0.5789473684210527	0.8032242814466046	27542.227272727272	0.072704477417524	0.13784616364068628	person
247.0	1
0	12238.0	590.8771975040436	0.4056603773584906	0.8550794711056083	30168.093023255813	0.06328519560522762	0.11824606235813676	person
248.0	1
0	9393.5	489.4629839658737	0.3604060913705584	0.855525991150108	26063.654929577464	0.06365350458478951	0.12055819198418617	person
249.0	1
0	7692.5	482.97770273685455	0.3103448275862069	0.7662337209574509	24786.944444444445	0.056222948949694825	0.10869087973484451	person
250.0	1
0	5382.5	446.83556735515594	0.2962962962962963	0.647835213349317	18165.9375	0.05223052183836497	0.103292329714345	person
251.0	1
0	3122.5	384.0071402788162	0.34838709677419355	0.47523381199156833	8962.731481481482	0.04540492421580341	0.09743199159147091	person false positive
252.0	1
0	2151.0	229.68123936653137	0.4835164835164835	0.6843474996341239	4448.659090909091	0.06159918512859689	0.11266678368619826	other
253.0	1
0	1347.0	189.39696860313416	0.4533333333333333	0.6729112026976396	2971.323529411765	0.04423068050749712	0.08269082682703736	other false positive
254.0	1
0	641.5	136.18376553058624	0.3	0.7566643076197216	2138.333333333333	0.018347857661583148	0.025554221079997993	other false positive
255.0	0
256.0	0
257.0	0
258.0	0
259.0	1
0	590.0	110.76955199241638	0.8571428571428571	0.7158022444646649	688.3333333333334	0.06882539682539683	0.12258541829647791	other
260.0	1
0	650.5	111.84061968326569	0.8611111111111112	0.7425290505216537	755.4193548387098	0.05793098601447748	0.09382070296811885	other false positive
261.0	1
0	773.0	125.5979790687561	0.8	0.7693073248407643	966.25	0.06162990196078431	0.10224310975634035	other
262.0	1
0	435.5	106.18376553058624	0.4	0.6849099630415978	1088.75	0.07925925925925925	0.1742175712801829	other
263.0	1
0	497.0	113.5979790687561	0.3958333333333333	0.6942116437590792	1255.578947368421	0.08178534571723427	0.17610877630304977	other
264.0	1
0	576.0	121.5979790687561	0.39215686274509803	0.7193705507680779	1468.8	0.07981930026912726	0.17628095387114706	other
265.0	1
0	624.5	128.18376553058624	0.37037037037037035	0.7366124085869308	1686.15	0.08191358024691359	0.17355599431720747	other
266.0	1
0	657.5	127.01219260692596	0.37037037037037035	0.7755366831799952	1775.25	0.08513071895424837	0.17548441972293366	other
267.0	1
0	420.5	101.69848430156708	0.5128205128205128	0.6867548587293809	819.9749999999999	0.1059778783308195	0.20330545326951674	other
268.0	1
0	567.0	114.42640614509583	1.3448275862068966	0.6386321782763689	421.6153846153846	0.08616355472339245	0.1861615621454194	other
269.0	1
0	2233.5	206.95331752300262	1.0	0.8457856509917674	2233.5	0.055769275605604914	0.11055379688345525	other
270.0	1
0	2187.0	201.0538227558136	1.0178571428571428	0.8728030266749676	2148.631578947369	0.05841687552213868	0.12422036231067178	other
271.0	1
0	2014.5	193.63960921764374	1.0769230769230769	0.8812644362007419	1870.607142857143	0.04510477267830209	0.10743055373066425	other
272.0	1
0	1655.5	176.61017167568207	1.08	0.7810804435008256	1532.8703703703704	0.034214960058097314	0.07453726273867135	other false positive
273.0	1
0	2196.5	339.23758828639984	0.4260869565217391	0.49655531002209796	5155.051020408163	0.040987525444960586	0.1103530997374217	other
274.0	1
0	2111.0	300.30865597724915	0.3963963963963964	0.5506085123919519	5325.477272727273	0.047533362239244585	0.12487609246593306	other
275.0	1
0	2220.0	293.4802289009094	0.3305084745762712	0.6145209642996536	6716.923076923076	0.05074349600770338	0.12680320826602873	other
276.0	1
0	2004.0	296.16652059555054	0.2892561983471074	0.6028019461719519	6928.114285714286	0.03743963701182953	0.09939085128268016	person false positive
277.0	1
0	1401.0	271.3380935192108	0.2972972972972973	0.4872272388195955	4712.454545454545	0.030683089506618917	0.09654123207760999	person false positive
278.0	1
0	821.5	134.46803629398346	0.5370370370370371	0.6682610570157242	1529.6896551724137	0.04064307715423334	0.1306441273603707	other
279.0	1
0	502.5	107.49747383594513	0.5	0.661288624519661	1005.0	0.04609868740884784	0.13474267397669573	other
280.0	0
281.0	1
0	449.5	100.5269113779068	0.5526315789473685	0.717558226777134	813.3809523809524	0.07841662980981866	0.2001363474071424	other
282.0	1
0	776.0	124.91168737411499	0.5957446808510638	0.7511664375738099	1302.5714285714287	0.06472078192979318	0.16709375417402453	other
283.0	1
0	1228.0	151.39696860313416	0.6666666666666666	0.8046971245838902	1842.0000000000002	0.06547446138949407	0.15986172696722975	other
284.0	2
0	420.5	108.04163014888763	0.38636363636363635	0.7161347457338464	1088.3529411764705	0.0297944846387753	0.04945614072168882	other false positive
1	1816.5	180.46803629398346	0.7377049180327869	0.842991890292715	2462.366666666667	0.06758098503517983	0.15804679700955424	other
285.0	2
0	4182.0	340.85281229019165	0.4444444444444444	0.7550153819489579	9409.5	0.055050909252589916	0.11696383784568729	person
1	611.0	129.11269783973694	0.3333333333333333	0.8007653796754999	1833.0	0.11087710804486402	0.17893379421279534	other
286.0	2
0	5767.0	356.85281229019165	0.5491803278688525	0.8987639852320313	10501.104477611942	0.05977777457936931	0.12092883830118634	person
1	1441.0	178.911687374115	0.4225352112676056	0.8618163332436232	3410.3666666666663	0.10460093896713615	0.18465950229214845	other
287.0	1
0	10306.5	591.1787132024765	0.3532110091743119	0.7821577125614991	29179.44155844156	0.06631273026308104	0.13482909505506144	person
288.0	1
0	13341.0	623.0782079696655	0.41818181818181815	0.8396691926185141	31902.391304347828	0.0685292180113152	0.12876509494031615	person
289.0	1
0	16576.5	637.8061298131943	0.5181818181818182	0.8419681223905159	31989.736842105263	0.07342808893892484	0.1347398350165756	person
290.0	1
0	19035.5	667.7472547292709	0.6027397260273972	0.838835083229115	31581.625000000004	0.08165525792439572	0.15138043928639086	person
291.0	1
0	20774.5	682.0315254926682	0.6422018348623854	0.8671143908974798	32348.864285714284	0.08197157762187444	0.15768126934992302	person
292.0	1
0	22607.5	765.5706294775009	0.680365296803653	0.8825767845706488	33228.473154362415	0.08316823710882411	0.16335286916193767	person
293.0	1
0	24305.5	661.1442233324051	0.7123287671232876	0.9062879165837022	34121.182692307695	0.0867462826366936	0.17199867367351815	person
294.0	1
0	24581.0	682.9848430156708	0.7579908675799086	0.8613460911090484	32429.15060240964	0.08680340486307303	0.1734193496729498	person
295.0	1
0	23070.0	710.9848430156708	0.7798165137614679	0.792998786612173	29583.88235294118	0.08821370750134916	0.17788673264270766	person
296.0	1
0	21341.0	683.3279888629913	0.7096774193548387	0.8135132940674635	30071.40909090909	0.09049156319419263	0.18005708761360062	person
297.0	1
0	19921.5	689.7716399431229	0.641860465116279	0.8553322213134286	31037.11956521739	0.08728193130976691	0.17174454858878466	person
298.0	1
0	18357.0	665.6711347103119	0.6384976525821596	0.8072601966237288	28750.301470588234	0.08669918395416712	0.17217384712217598	person
299.0	1
0	17751.5	669.0853482484818	0.6666666666666666	0.7691624420468824	26627.25	0.08783913565426169	0.1742732793784983	person
300.0	1
0	17904.0	709.6122596263885	0.6971153846153846	0.7562215952288431	25682.979310344825	0.08923532012274404	0.17580510365670282	person
301.0	1
0	17773.0	719.269113779068	0.7233009708737864	0.7376283420606695	24572.06711409396	0.09709338351878183	0.1853224777480853	person
302.0	1
0	17767.5	708.1980460882187	0.7536945812807881	0.7287342786884136	23573.87254901961	0.10251747306991311	0.18889144779538147	person
303.0	1
0	17135.0	751.068103313446	0.7549019607843137	0.6948060057839001	22698.31168831169	0.11022246688336654	0.19793703271414972	person
304.0	1
0	15632.5	729.6538897752762	0.7475247524752475	0.6528756389369058	20912.350993377484	0.11363073588231437	0.20069622097134754	person
305.0	1
0	14517.0	693.7543950080872	0.7376237623762376	0.6144259960985198	19680.765100671142	0.11425070260677862	0.2007514425212641	person
306.0	1
0	13744.5	736.1391710042953	0.71	0.6165111689243743	19358.450704225354	0.12023943661971831	0.2066997455120553	person
307.0	1
0	12171.0	766.8670928478241	0.68	0.5700168602472836	17898.529411764706	0.12490037485582468	0.2095358209186849	person
308.0	2
0	2740.5	292.0071402788162	0.9101123595505618	0.4842672773682578	3011.166666666667	0.12714118245439388	0.2196701652485411	other
1	7779.5	537.6295045614243	0.6815642458100558	0.45380488519106815	11414.184426229507	0.1396080586277922	0.22369164952361603	person
309.0	1
0	13262.0	632.6416971683502	0.7074468085106383	0.6756625946218032	18746.285714285714	0.1331540678981559	0.2184148276485434	person
310.0	1
0	12290.0	608.9848430156708	0.797752808988764	0.6194038200432826	15405.774647887323	0.13195901560497594	0.2171884903805441	person
311.0	1
0	13597.0	663.4701242446899	0.7239583333333334	0.6490190013594219	18781.46762589928	0.12934637584050407	0.2127691944741394	person
312.0	1
0	14682.0	671.269113779068	0.6764705882352942	0.6643643333822036	21703.826086956524	0.12216747739163868	0.20353480626507428	person
313.0	1
0	14926.5	656.8843377828598	0.6618357487922706	0.6704978906706395	22553.178832116788	0.11298000634719137	0.1930607716847692	person
314.0	1
0	16386.5	706.1980460882187	0.6571428571428571	0.7203078776050252	24935.978260869564	0.11478342061462268	0.19438421620632407	person
315.0	1
0	17037.0	732.2985513210297	0.6398104265402843	0.7619162616596733	26628.2	0.11538167663063119	0.19255334954723066	person
316.0	1
0	20192.0	665.0437180995941	0.6635071090047393	0.8707614418967695	30432.22857142857	0.11372190582394094	0.1970229893964821	person
317.0	1
0	21211.0	652.0731556415558	0.6587677725118484	0.9212854910022534	32197.9928057554	0.11152182240825682	0.20187207187527928	person
318.0	1
0	22341.5	653.345233798027	0.6904761904761905	0.9346636963592817	32356.65517241379	0.10890988119385685	0.20148417570419802	person
319.0	1
0	22547.0	667.445739030838	0.6985645933014354	0.941282460301192	32276.18493150685	0.11038970218748835	0.20460919032848943	person
320.0	1
0	21438.5	680.457931637764	0.6666666666666666	0.9289180640409029	32157.750000000004	0.10243924236361213	0.19555820725993991	person
321.0	1
0	20632.5	659.8305150270462	0.6428571428571429	0.9271054493984431	32095.000000000004	0.09065919701213818	0.17399443425820593	person
322.0	1
0	18193.0	708.9848430156708	0.6650717703349283	0.7977624239559377	27354.942446043162	0.09162169841948001	0.1754588132656878	person
323.0	1
0	18892.0	609.9310202598572	0.6411483253588517	0.8593245032570364	29465.880597014926	0.08800985223054444	0.16787301429082677	person
324.0	1
0	17736.0	630.2152910232544	0.6411483253588517	0.8067425042222527	27662.865671641794	0.08424007180534145	0.16264823889855992	person
325.0	1
0	16594.0	621.2447285652161	0.6153846153846154	0.7939773701616855	26965.25	0.07815401701546004	0.1533896685600802	person
326.0	1
0	16075.0	587.9898953437805	0.5942028985507246	0.8042774049082685	27053.048780487803	0.07807727466305639	0.14929616101733156	person
327.0	1
0	15717.0	594.8183224201202	0.5776699029126213	0.8167437403506328	27207.579831932773	0.07673886230677307	0.15150198930317038	person
328.0	1
0	14526.5	571.4041088819504	0.5490196078431373	0.809921898695784	26458.982142857145	0.07416446970945241	0.14487070340849498	person
329.0	1
0	15282.5	556.7766922712326	0.5245098039215687	0.8918889896574143	29136.728971962617	0.07871738763308146	0.1570524071267082	person
330.0	1
0	15454.5	563.6639944314957	0.5121951219512195	0.9146230497791784	30173.071428571428	0.07905244699505819	0.15579564873076754	person
331.0	1
0	14821.0	577.5046141147614	0.5048543689320388	0.8812665597960261	29356.98076923077	0.07702283676726851	0.15200867598440665	person
332.0	1
0	14393.5	575.6051193475723	0.4926829268292683	0.8855671958371851	29214.529702970296	0.0779620343669948	0.1539306858744011	person
333.0	1
0	14169.5	567.1198381185532	0.47317073170731705	0.9077354021291215	29945.850515463917	0.07659631114200771	0.14809365458365983	person
334.0	1
0	13932.5	553.0365778207779	0.4411764705882353	0.9666888694614434	31580.333333333332	0.07186359947028921	0.1374700568720287	person
335.0	1
0	13020.5	554.1492756605148	0.41379310344827586	0.9727084332525016	31466.208333333332	0.0695639175210314	0.1344644885657412	person
336.0	1
0	12508.0	541.0782079696655	0.415	0.9598649374568337	30139.75903614458	0.06578289629104654	0.13116840651143283	person
337.0	1
0	11666.5	580.2914110422134	0.42857142857142855	0.9026836394248328	27221.833333333332	0.06424236361211151	0.13009027967463443	person
338.0	1
0	9815.0	564.8183224201202	0.4748603351955307	0.8217669874055731	20669.235294117647	0.06465523573872534	0.13595575795599435	person
339.0	1
0	9577.0	512.8771975040436	0.49171270718232046	0.7573406170463715	19476.8202247191	0.07092685978730681	0.1460915228558983	person
340.0	1
0	10508.5	514.1492756605148	0.5548780487804879	0.8969863443997357	18938.395604395602	0.07541425575858861	0.14519064702936083	person
341.0	1
0	9282.5	485.4629839658737	0.6462585034013606	0.8467483540516442	14363.447368421053	0.07297627823059048	0.1371128507845218	person
342.0	2
0	467.5	127.84061968326569	1.088235294117647	0.47340333964537784	429.5945945945946	0.04845849309517129	0.0762022085593836	other false positive
1	6947.5	421.66399443149567	0.656934306569343	0.7177873861587655	10575.638888888889	0.0719628516451187	0.13343501017693865	person
343.0	1
0	6605.0	396.2497808933258	0.6976744186046512	0.7247211661372526	9467.166666666666	0.0702366114404418	0.13182626538379152	person
344.0	1
0	6564.5	382.83556735515594	0.7398373983739838	0.747111621742661	8872.895604395604	0.06736493221428659	0.12946629844185162	person
345.0	1
0	6304.5	373.1787132024765	0.7777777777777778	0.7543167268791963	8105.785714285715	0.06369095961856142	0.1311242652145704	person
346.0	1
0	6204.0	360.45079135894775	0.7982456140350878	0.7618261724865815	7772.043956043956	0.06169307129059451	0.12840243807615517	person
347.0	1
0	1371.0	162.02438521385193	1.0625	0.7134382415386535	1290.3529411764707	0.09781334102268358	0.20816637177730557	other
348.0	1
0	6612.5	373.52185904979706	0.788135593220339	0.7675931181867041	8390.053763440861	0.06423882474440477	0.1243375934304389	person
349.0	1
0	8506.0	439.90663504600525	0.7153846153846154	0.8962505202488764	11890.10752688172	0.06970077360969201	0.12741052487977736	person
350.0	1
0	9915.5	448.20815074443817	0.6258503401360545	0.9339847819493347	15843.244565217392	0.07278766579095407	0.13011794253060402	person
351.0	1
0	10916.5	461.1787132024765	0.5548780487804879	0.931812478340364	19673.69230769231	0.07446960022282835	0.1362226292037013	person
352.0	1
0	11253.0	494.59292674064636	0.5056179775280899	0.8948209642405591	22255.933333333334	0.07352990134880419	0.13530002002136263	person
353.0	1
0	10810.0	507.90663504600525	0.43915343915343913	0.8778415654326943	24615.5421686747	0.06981477106683816	0.1318016418537999	person
354.0	1
0	9728.0	572.3330411911011	0.41836734693877553	0.7710525564894282	23252.29268292683	0.06872675899628143	0.1346151039003427	person
355.0	1
0	11282.5	523.3208485841751	0.39303482587064675	0.9051332870437782	28706.107594936708	0.0737610038662483	0.14412795917266955	person
356.0	1
0	11491.5	518.9777027368546	0.37254901960784315	0.944198497367435	30845.605263157893	0.07458619154576174	0.14447731175281972	person
357.0	1
0	12454.5	531.1787132024765	0.3592233009708738	1.0407770332945028	34670.63513513514	0.07455122169571056	0.1443126934661138	person
358.0	1
0	13232.5	553.8650048971176	0.36538461538461536	1.0663390623791227	36215.26315789473	0.07376930023021354	0.14341571610432835	person
359.0	1
0	10142.0	751.2447285652161	0.39712918660287083	0.7447826842064873	25538.289156626506	0.07285251334637735	0.1437995706533125	person
360.0	1
0	10620.0	743.5878744125366	0.41904761904761906	0.7320704772934072	25343.18181818182	0.07499936338171632	0.14748812363103317	person
361.0	1
0	14062.5	572.835567355156	0.41904761904761906	0.9693729837041939	33558.23863636364	0.07679865885748238	0.148852258238915	person
362.0	1
0	13875.5	563.5218590497971	0.4095238095238095	0.9787262557222562	33882.03488372093	0.07617701344103532	0.1463503974937967	person
363.0	1
0	15827.0	575.9655101299286	0.4380952380952381	1.043570571402197	36126.84782608696	0.07414444038484957	0.14302946348671938	person
364.0	1
0	16551.5	580.2081507444382	0.46190476190476193	1.0350865672948542	35833.1443298969	0.07468306910393024	0.14651136394825914	person
365.0	1
0	16679.5	591.6639944314957	0.47619047619047616	1.0117986047922354	35026.95	0.07352735760971055	0.14760579262504728	person
366.0	1
0	15546.5	614.9188276529312	0.49047619047619045	0.9156014146429087	31696.747572815533	0.07686872807375376	0.1520636629282532	person
367.0	1
0	15779.0	618.1320307254791	0.5	0.8944747660499803	31558.0	0.07646238630731751	0.1520414545646789	person
368.0	1
0	14665.0	680.2152910232544	0.5070422535211268	0.812099141993583	28922.63888888889	0.07763168212859826	0.1533414974509942	person
369.0	1
0	13421.0	559.2447285652161	0.4830917874396135	0.8259331056340196	27781.47	0.08218376432698683	0.1578976999010724	person
370.0	1
0	13722.0	571.1025931835175	0.4485981308411215	0.850869099351152	30588.625	0.08164589823468327	0.15733811481606028	person
371.0	1
0	12383.0	649.5289993286133	0.4372093023255814	0.780530543938329	28322.819148936174	0.08150226542868509	0.15718233738336734	person
372.0	1
0	12416.0	612.9015827178955	0.413953488372093	0.8265775024590613	29993.70786516854	0.08376048407343077	0.16218933149590728	person
373.0	1
0	13040.5	623.6883796453476	0.39351851851851855	0.9047985790211341	33138.21176470588	0.09339506172839508	0.1746564678874545	person
374.0	1
0	13093.0	589.5046141147614	0.37962962962962965	0.9416768796138066	34488.87804878048	0.09657792656357936	0.17700075801094498	person
375.0	1
0	13356.5	603.546244263649	0.4186046511627907	0.8793100610609127	31907.194444444445	0.0941547347621219	0.17458855629236197	person
376.0	1
0	14619.0	627.5878744125366	0.48148148148148145	0.8290121944580543	30362.538461538457	0.09839115133232781	0.18012747409817975	person
377.0	1
0	15657.5	628.3157962560654	0.5277777777777778	0.8100170513568657	29666.842105263157	0.09713271923454243	0.1764172610586207	person
378.0	1
0	15041.0	769.8132700920105	0.5694444444444444	0.7211875020377946	26413.463414634145	0.09298005561754964	0.1709699986042198	person
379.0	2
0	1200.5	237.09545290470123	0.5675675675675675	0.4920525621162564	2115.1666666666665	0.068523986171045	0.13909496354889112	other
1	12208.0	655.7888848781586	0.4744186046511628	0.7091469382894617	25732.549019607843	0.08911527766601396	0.16313655734005938	person
380.0	1
0	19297.0	613.3624787330627	0.5700934579439252	0.941556825689273	33848.83606557377	0.09172487134887662	0.1635334137163283	person
381.0	1
0	18965.5	602.634556889534	0.5566037735849056	0.9657768073019254	34073.61016949153	0.09031490434357305	0.16116939070659922	person
382.0	1
0	16852.0	689.64674949646	0.5450236966824644	0.8847111445937308	30919.75652173913	0.08316230510337248	0.15204015337797158	person
383.0	1
0	17080.0	600.9360725879669	0.5023696682464455	0.9728141725583246	33998.8679245283	0.0798288017701939	0.1502617446250792	person
384.0	1
0	11193.5	796.3157962560654	0.44761904761904764	0.7223523641737492	25006.755319148935	0.07744998708703339	0.1409434800262102	person
385.0	2
0	6187.0	535.3624787330627	0.6793893129770993	0.6760038307247948	9106.707865168539	0.07004973015881025	0.12037236965971035	person
1	3028.5	224.89444243907928	0.9848484848484849	0.8992917910115362	3075.0923076923077	0.087889757301522	0.17010077272388133	person
386.0	1
0	9248.5	675.0020879507065	0.42105263157894735	0.6405789833851883	21965.1875	0.07501002140743204	0.13451275254554526	person
387.0	1
0	8012.5	750.3157962560654	0.42788461538461536	0.5513724270433638	18725.842696629214	0.07495466639551239	0.13397802710983953	person
388.0	1
0	8520.5	579.9482651948929	0.5947712418300654	0.7795834322623382	14325.675824175823	0.07904990050318769	0.12914698255517323	person
389.0	2
0	6515.0	539.0193328857422	0.7286821705426356	0.6844271035234075	8940.797872340427	0.07449428064149954	0.12624817277085912	person
1	459.5	102.66904675960541	0.8529411764705882	0.5936615805997338	538.7241379310345	0.09947102573280833	0.18537978485007212	other
390.0	1
0	10170.0	595.5046141147614	0.45588235294117646	0.6828702304838105	22308.387096774193	0.07773891762060085	0.1410581308273404	person
391.0	1
0	13045.0	577.0782079696655	0.45098039215686275	0.8854344839569724	28925.869565217392	0.07693947144075021	0.13929878725550626	person
392.0	1
0	13104.5	514.5512965917587	0.47643979057591623	0.9604528262613432	27505.04945054945	0.0763863177167766	0.1408445424613617	person
393.0	1
0	13562.5	547.722869515419	0.4362745098039216	0.9515901114614598	31087.078651685395	0.07493142222740605	0.13925052412496775	person
394.0	1
0	13143.5	541.3797236680984	0.41545893719806765	0.9405298338338853	31636.098837209305	0.07045143638850888	0.13587668061803618	person
395.0	1
0	12303.5	537.0365778207779	0.391304347826087	0.9347676034856154	31442.277777777777	0.061852588593139884	0.1280523823302849	person
396.0	1
0	8813.0	553.0193328857422	0.3592233009708738	0.7364701910493759	24533.486486486487	0.06309084641466138	0.13126832588795878	person
397.0	1
0	8684.0	565.0782079696655	0.3073170731707317	0.8565559722931168	28257.460317460318	0.0663101880318523	0.1337444471812306	person
398.0	1
0	7642.5	523.6639944314957	0.29901960784313725	0.7823584691263996	25558.524590163935	0.06540485689614964	0.1315865301507048	person
399.0	1
0	6000.0	509.76449966430664	0.29797979797979796	0.6542811249709662	20135.593220338982	0.0622237664112041	0.1242433665367627	person
400.0	1
0	6111.0	500.9360725879669	0.3048128342245989	0.7303418121583806	20048.368421052633	0.06112187252234602	0.12073137312083054	person
401.0	1
0	8527.5	509.78174459934235	0.2623762376237624	1.0146700284738244	32501.037735849055	0.06379307187100507	0.12268660135202351	person
402.0	1
0	8887.5	537.3797236680984	0.2634146341463415	1.0227331572678784	33739.583333333336	0.06207485342827284	0.11890496970134365	person
403.0	1
0	8341.5	548.0071402788162	0.2898550724637681	0.8555647866088186	28778.175000000003	0.06171134476334818	0.1200566236292805	person
404.0	1
0	8330.0	602.0487704277039	0.3157894736842105	0.7692812069126335	26378.333333333336	0.06503253759093894	0.12929746541111323	person
405.0	1
0	9669.0	593.2203433513641	0.3380952380952381	0.8261031155083366	28598.45070422535	0.06403834773345958	0.12828556125581977	person
406.0	1
0	12670.5	595.8650048971176	0.3744075829383886	0.968310296431111	33841.462025316454	0.06799659812332157	0.13446579010101015	person
407.0	1
0	13965.5	560.7523070573807	0.3915094339622642	1.011050571713606	35670.9156626506	0.06958377349575884	0.13712079970702762	person
408.0	1
0	14700.0	566.9949476718903	0.4056603773584906	1.0271015055770913	36237.20930232558	0.07617634153266396	0.14899847449946357	person
409.0	1
0	15484.0	572.1665205955505	0.419811320754717	1.0454123788600387	36883.23595505618	0.07770080684383145	0.1484476883597221	person
410.0	1
0	16098.0	581.1370830535889	0.4339622641509434	1.0514256752167122	37095.391304347824	0.07555715066994803	0.14677730944602982	person
411.0	1
0	16631.5	591.0365778207779	0.46226415094339623	1.019764353283676	35978.34693877551	0.0783688947277024	0.15616184220781928	person
412.0	1
0	15663.5	681.4041088819504	0.4647887323943662	0.9462466536118639	33700.257575757576	0.07455406499869355	0.14870771977783945	person
413.0	1
0	15357.5	625.0609630346298	0.49295774647887325	0.8747459989946759	31153.785714285714	0.07524326788618421	0.1498892513294714	person
414.0	1
0	15590.0	616.9604578018188	0.5211267605633803	0.8399895364998082	29915.945945945947	0.0774174340040123	0.1547020445790838	person
415.0	1
0	15888.5	600.0315254926682	0.49065420560747663	0.9007622335796631	32382.27619047619	0.08020244858067838	0.15523240853735643	person
416.0	1
0	12756.0	794.9259679317474	0.49767441860465117	0.7063543372598314	25631.21495327103	0.08214821159935393	0.15533969230100844	person
417.0	1
0	14212.0	587.7300097942352	0.525	0.862117076129815	27070.476190476187	0.08560915032679739	0.1600802431416108	person
418.0	1
0	15366.5	645.1442233324051	0.4790697674418605	0.8839539054264525	32075.70388349514	0.08456279689568308	0.1588040589693612	person
419.0	1
0	14695.0	685.5289993286133	0.4744186046511628	0.8536135532571789	30974.754901960783	0.08393658968375312	0.1559217676664146	person
420.0	1
0	14589.5	670.256921172142	0.4790697674418605	0.8392571830422821	30453.81067961165	0.0837995563996653	0.15783198704617993	person
421.0	1
0	9229.5	737.0853482484818	0.42857142857142855	0.5825937684338898	21535.5	0.08683279069518893	0.16243402654280154	person
422.0	1
0	9010.0	796.9848430156708	0.4724770642201835	0.5111653605758184	19069.70873786408	0.08560997036206483	0.16242763996016185	person
423.0	2
0	5341.0	563.64674949646	0.9646017699115044	0.5523927625274787	5537.0	0.06736488863630213	0.13309951933306227	person
1	3992.0	294.1076455116272	0.9213483146067416	0.6968142393082128	4332.780487804877	0.1009113428873879	0.19038619290727238	person
424.0	1
0	10727.0	776.4406867027283	0.5045871559633027	0.5698485468251142	21258.963636363635	0.0925519632373383	0.17487090249077147	person
425.0	1
0	10908.0	743.6711347103119	0.4885844748858447	0.5929902872561722	22325.719626168226	0.09201352542041012	0.1729587916215518	person
426.0	1
0	14377.5	607.345233798027	0.4611872146118721	0.8280341165605959	31174.97524752475	0.0867383112203243	0.16544122424545227	person
427.0	1
0	14287.5	593.6883796453476	0.4474885844748858	0.8480401147458372	31928.188775510203	0.08363363610284295	0.16119725104035323	person
428.0	2
0	672.5	124.81118214130402	0.7111111111111111	0.5949221514508138	945.703125	0.12397331154684095	0.23383880798764167	other
1	10670.5	617.8305150270462	0.4090909090909091	0.6865148298269317	26083.444444444445	0.08469974252327192	0.1616547605304388	person
429.0	1
0	14610.0	651.7888848781586	0.4703196347031963	0.8250860029326977	31063.980582524273	0.09924626675602634	0.18223834769278138	person
430.0	1
0	15286.0	599.0193328857422	0.49056603773584906	0.8831917391585701	31159.923076923074	0.10383156891203504	0.18664514582388828	person
431.0	1
0	15728.5	602.433546423912	0.4520547945205479	0.9241412173093527	34793.34848484849	0.10099165167658318	0.18055943639159272	person
432.0	1
0	15567.0	600.1909058094025	0.4090909090909091	1.0015441034549313	38052.666666666664	0.10266389384036442	0.18001075594500746	person
433.0	1
0	16043.5	607.4041088819504	0.43636363636363634	0.9676884288747346	36766.354166666664	0.0995047905525847	0.17776888650285871	person
434.0	1
0	16730.5	634.1736608743668	0.4909090909090909	0.8970007934976089	34080.648148148146	0.09424291938997821	0.17074982871046804	person
435.0	1
0	17023.5	738.7422024011612	0.5799086757990868	0.7797068730862006	29355.4842519685	0.09153146751096082	0.16608778090837673	person
436.0	1
0	16642.5	869.7127648591995	0.5779816513761468	0.7718303823603887	28794.166666666668	0.0901645265649583	0.16380130667165455	person
437.0	1
0	18539.0	731.2447285652161	0.5879629629629629	0.8609128211415186	31530.89763779528	0.0907044299201162	0.16290160099500955	person
438.0	1
0	18580.5	693.345233798027	0.5813953488372093	0.880722855873204	31958.460000000003	0.09019228454172366	0.16299548362049474	person
439.0	1
0	19368.0	622.735062122345	0.568075117370892	0.9573046003557271	34094.0826446281	0.0871701119046152	0.1592238214311627	person
440.0	1
0	17172.5	659.2619735002518	0.5518867924528302	0.8819463061741635	31115.982905982906	0.08253539119243891	0.15244950764043277	person
441.0	1
0	15520.0	673.7888848781586	0.5330188679245284	0.8252922289590364	29117.16814159292	0.07767033679392613	0.14441263008079222	person
442.0	2
0	5756.5	456.0071402788162	0.7936507936507936	0.5819937316752604	7253.19	0.0723821973233738	0.12714127036696982	person
1	4299.5	335.52185904979706	0.6261682242990654	0.7639935923691265	6866.365671641791	0.08721428590964912	0.15825347338029397	person
443.0	2
0	5876.5	489.66399443149567	0.8	0.5988789808917198	7345.625	0.07200847058823528	0.1260793498661021	person
1	2787.0	245.82337474822998	0.9850746268656716	0.8028761807638126	2829.2272727272725	0.08040900666010412	0.16573346446937018	other
444.0	2
0	8704.5	410.4091612100601	0.7899159663865546	0.9912868792997617	11019.52659574468	0.06855908821601232	0.11733209312249802	person
1	1957.5	191.09545290470123	0.9824561403508771	0.7812125856041376	1992.4553571428573	0.07694235588972431	0.16513234030980747	other
445.0	2
0	8194.0	419.2792184352875	0.8173913043478261	0.9656074524060642	10024.574468085106	0.07245832653135259	0.1274485928721356	person
1	998.5	149.29646337032318	0.6	0.7008124089768559	1664.1666666666667	0.05327067466104898	0.11308075696364647	other
446.0	1
0	12414.0	653.5046141147614	0.441747572815534	0.8435939794544705	28102.021978021978	0.07609361892628598	0.14001313629608161	person
447.0	1
0	13749.5	542.835567355156	0.4326923076923077	0.9356456530023408	31776.62222222222	0.07417504608681079	0.1367857732140478	person
448.0	1
0	13701.5	568.0071402788162	0.4251207729468599	0.9581763354956376	32229.664772727272	0.07396040541820594	0.13981706796027277	person
449.0	1
0	13507.0	544.1665205955505	0.40384615384615385	0.9847967849560206	33445.90476190476	0.06990029986353516	0.1339518832177281	person
450.0	1
0	12956.0	536.1665205955505	0.3961352657004831	0.9723376103880119	32706.0	0.06455848275447801	0.13024832112548423	person
451.0	1
0	12144.0	536.9949476718903	0.3737864077669903	0.9752908645988851	32489.14285714286	0.06441662278327041	0.13161947245722105	person
452.0	1
0	9983.0	606.2497808933258	0.34782608695652173	0.8532741178361043	28701.125	0.06168945302221801	0.1295313820897833	person
453.0	1
0	7960.5	525.3208485841751	0.30434782608695654	0.7776063439314616	26155.928571428572	0.06161262143075158	0.12779290725967998	person
454.0	1
0	7480.5	492.8944424390793	0.32085561497326204	0.8493136687216867	23314.225	0.06544405997693195	0.1284532178217441	person
455.0	1
0	6258.0	464.3919162750244	0.32085561497326204	0.7105146633059709	19504.1	0.06759358288770054	0.1332770965110063	person
456.0	1
0	5895.5	438.4091612100601	0.3652694610778443	0.7372328539120985	16140.139344262296	0.06009774087312357	0.11787977006025394	person
457.0	1
0	4632.0	433.62236428260803	0.36363636363636365	0.5960239336035514	12738.0	0.05711982570806101	0.11101235312211875	person
458.0	1
0	6887.5	539.6639944314957	0.29064039408866993	0.7325611881371353	23697.669491525423	0.05885365250717469	0.11996318351297905	person
459.0	1
0	8019.0	543.3380935192108	0.2766990291262136	0.8699784214106473	28980.94736842105	0.06129095821602358	0.12280967607225918	person
460.0	1
0	7922.5	540.0660153627396	0.2548076923076923	0.9154895399036728	31092.07547169811	0.06748057713651498	0.13031724550320073	person
461.0	1
0	8406.0	544.3086559772491	0.27884615384615385	0.8876227001638818	30145.655172413797	0.06277207832735215	0.12086580265886024	person
462.0	1
0	7612.5	575.3208485841751	0.30288461538461536	0.7400375632859708	25133.333333333332	0.06558931264813617	0.12874386361488163	person
463.0	1
0	9724.5	586.4924215078354	0.34285714285714286	0.8193054291780406	28363.125	0.06501167133520075	0.12883586086554413	person
464.0	1
0	12382.5	544.8944424390793	0.37264150943396224	0.9418369566705559	33228.98734177215	0.06890281309562277	0.1364446356779018	person
465.0	1
0	13551.0	561.3380935192108	0.3915094339622642	0.9810423040557856	34612.19277108434	0.06947835738068814	0.1368348570739589	person
466.0	1
0	14254.0	563.6812393665314	0.4009433962264151	1.0076560368168417	35551.15294117647	0.07411938804378576	0.14524201487026142	person
467.0	1
0	14980.0	567.3380935192108	0.41037735849056606	1.034634707643174	36502.988505747126	0.07639319444975995	0.14830531531171717	person
468.0	1
0	15661.0	587.9655101299286	0.42924528301886794	1.0341239099801771	36484.96703296703	0.07643603159696388	0.1462948053716942	person
469.0	1
0	16166.5	579.722869515419	0.4460093896713615	1.0177547573967662	36246.994736842105	0.07643696371555789	0.14823663191038944	person
470.0	1
0	15445.5	638.433546423912	0.4507042253521127	0.9622357285966329	34269.703125	0.0765465341066004	0.14684315383845603	person
471.0	1
0	16142.5	613.4629839658737	0.4694835680751174	0.9654316557519212	34383.525	0.07500469483568076	0.14641929314778204	person
472.0	1
0	11746.0	691.7300097942352	0.43661971830985913	0.7553666174385765	26902.129032258064	0.07783093246385332	0.15118201204858153	person
473.0	1
0	9824.5	793.5706294775009	0.4532710280373832	0.602913894604674	21674.670103092783	0.08058976553334506	0.15537722789069344	person
474.0	2
0	616.0	115.0538227558136	0.8717948717948718	0.591789876166047	706.5882352941177	0.0933309673794103	0.1851016357163447	other
1	6023.0	477.8477599620819	0.43315508021390375	0.5065433065932629	13904.95061728395	0.0805983712558107	0.16276705668929117	person
475.0	2
0	1611.0	198.71067690849304	0.6617647058823529	0.6706631697264892	2434.3999999999996	0.07119569396386005	0.14660656805175384	other
1	5783.5	496.71781718730927	0.43617021276595747	0.4779135913055837	13259.731707317073	0.08149414410289284	0.1622654052686958	person
476.0	2
0	3743.0	435.36247873306274	0.8214285714285714	0.46274775487597425	4556.695652173913	0.06872830654000729	0.13086280718198345	person
1	3091.0	233.13708305358887	0.8591549295774648	0.9091617681446305	3597.7213114754095	0.11269688203150112	0.21580508021581238	person
477.0	2
0	3234.5	310.5512965917587	1.0740740740740742	0.5847001795948765	3011.431034482759	0.05655806809739647	0.10588012916507797	person
1	5278.5	347.3208485841751	0.6349206349206349	0.667083712465878	8313.6375	0.09343954248366014	0.1719439743129257	person
478.0	1
0	14725.0	710.2152910232544	0.5093457943925234	0.8041653855542953	28909.633027522937	0.08342773274962047	0.1616734469522906	person
479.0	1
0	16127.5	622.5168067216873	0.48372093023255813	0.9188097489830567	33340.504807692305	0.08246273106738222	0.15798101968497769	person
480.0	1
0	14445.5	699.8305150270462	0.46296296296296297	0.8519403161122906	31202.280000000002	0.08313144517066084	0.159876163221594	person
481.0	1
0	14067.0	604.4751765727997	0.42592592592592593	0.9017585156466352	33026.86956521739	0.08966444065548926	0.17140386586845074	person
482.0	1
0	13698.5	595.8893901109695	0.4232558139534884	0.8919150764803261	32364.587912087914	0.09385126501405572	0.17589747342892204	person
483.0	1
0	13833.5	592.2325359582901	0.4232558139534884	0.9007049830631523	32683.54395604395	0.09564859217389997	0.17497698936716816	person
484.0	1
0	14939.5	614.5168067216873	0.46511627906976744	0.8851725670271071	32119.925000000003	0.09164195166438668	0.17167797457882975	person
485.0	1
0	15355.5	639.4873691797256	0.5488372093023256	0.7710345485540121	27978.241525423728	0.09393756714353065	0.17427951058716923	person
486.0	1
0	17028.0	648.4163014888763	0.5581395348837209	0.8407643312101911	30508.5	0.09414835081319349	0.17436887047255728	person
487.0	1
0	14466.0	851.6711347103119	0.5093457943925234	0.7900208127285864	28401.137614678897	0.08862314710673774	0.16266491911143063	person
488.0	1
0	18418.0	619.8477599620819	0.5586854460093896	0.9256488098065099	32966.67226890757	0.09108290651250833	0.16503830589604587	person
489.0	1
0	17916.5	617.1198381185532	0.5424528301886793	0.9361594289983958	33028.678260869565	0.08701668033907575	0.16029300957927886	person
490.0	1
0	16916.0	608.3919162750244	0.5238095238095238	0.9328590729864615	32294.18181818182	0.08740310669722434	0.16259459172491705	person
491.0	1
0	14460.5	602.0904005765915	0.47619047619047616	0.8771913861085836	30367.05	0.08807338935574231	0.16475410837538787	person
492.0	1
0	12651.5	621.4041088819504	0.4354066985645933	0.8473926341844544	29056.74175824176	0.0860204810669207	0.15658461385398262	person
493.0	1
0	13568.5	607.8061298131943	0.4380952380952381	0.8946539014387257	30971.57608695652	0.08454999391060772	0.15428342042645002	person
494.0	1
0	14252.5	565.1787132024765	0.40476190476190477	1.0171457117878997	35212.05882352941	0.0820016477179107	0.1515000433840662	person
495.0	1
0	14437.5	589.1198381185532	0.4380952380952381	0.9519523677651621	32955.163043478264	0.08588093208297812	0.1575752462031843	person
496.0	1
0	15228.5	592.634556889534	0.46190476190476193	0.952349683717469	32968.9175257732	0.0867465611674223	0.1636021077625305	person
497.0	1
0	15778.5	609.7472547292709	0.49528301886792453	0.9029649595687332	31857.542857142857	0.08092930253862551	0.1575857967257986	person
498.0	1
0	17055.0	626.4751765727997	0.5581395348837209	0.8420974670419197	30556.875	0.08394877640978872	0.16289024628098464	person
499.0	1
0	17965.5	625.8893901109695	0.5391705069124424	0.9014134964412344	33320.6282051282	0.08794869477981433	0.16881503029557973	person
500.0	1
0	18634.0	639.3036036491394	0.5483870967741935	0.9192417464211902	33979.64705882353	0.08953243536503784	0.17419569759663667	person
501.0	1
0	19145.0	643.7888848781586	0.5555555555555556	0.9409157033891641	34461.0	0.0895772815298959	0.17632984554379844	person
502.0	1
0	20329.5	654.8599525690079	0.586046511627907	0.9559783030379978	34689.22619047619	0.09174936124320529	0.18489308374434957	person
503.0	1
0	21832.0	677.7888848781586	0.6203703703703703	0.9608715094027386	35191.880597014926	0.0924795954866192	0.18452715711849826	person
